This is pdfTeX, Version 3.141592653-2.6-1.40.24 (TeX Live 2022/Debian) (preloaded format=pdflatex 2024.1.3)  29 JAN 2024 18:13
entering extended mode
 restricted \write18 enabled.
 %&-line parsing enabled.
**thesis
(./thesis.tex
LaTeX2e <2022-11-01> patch level 1
L3 programming layer <2023-01-16>
(/usr/share/texlive/texmf-dist/tex/latex/base/book.cls
Document Class: book 2022/07/02 v1.4n Standard LaTeX document class
(/usr/share/texlive/texmf-dist/tex/latex/base/bk12.clo
File: bk12.clo 2022/07/02 v1.4n Standard LaTeX file (size option)
)
\c@part=\count185
\c@chapter=\count186
\c@section=\count187
\c@subsection=\count188
\c@subsubsection=\count189
\c@paragraph=\count190
\c@subparagraph=\count191
\c@figure=\count192
\c@table=\count193
\abovecaptionskip=\skip48
\belowcaptionskip=\skip49
\bibindent=\dimen140
)
(./Preamble/preamble.tex (/usr/share/texlive/texmf-dist/tex/latex/url/url.sty
\Urlmuskip=\muskip16
Package: url 2013/09/16  ver 3.4  Verb mode for urls, etc.
)
(/usr/share/texlive/texmf-dist/tex/latex/float/float.sty
Package: float 2001/11/08 v1.3d Float enhancements (AL)
\c@float@type=\count194
\float@exts=\toks16
\float@box=\box51
\@float@everytoks=\toks17
\@floatcapt=\box52
)
(/usr/share/texlive/texmf-dist/tex/latex/graphics/graphicx.sty
Package: graphicx 2021/09/16 v1.2d Enhanced LaTeX Graphics (DPC,SPQR)

(/usr/share/texlive/texmf-dist/tex/latex/graphics/keyval.sty
Package: keyval 2022/05/29 v1.15 key=value parser (DPC)
\KV@toks@=\toks18
)
(/usr/share/texlive/texmf-dist/tex/latex/graphics/graphics.sty
Package: graphics 2022/03/10 v1.4e Standard LaTeX Graphics (DPC,SPQR)

(/usr/share/texlive/texmf-dist/tex/latex/graphics/trig.sty
Package: trig 2021/08/11 v1.11 sin cos tan (DPC)
)
(/usr/share/texlive/texmf-dist/tex/latex/graphics-cfg/graphics.cfg
File: graphics.cfg 2016/06/04 v1.11 sample graphics configuration
)
Package graphics Info: Driver file: pdftex.def on input line 107.

(/usr/share/texlive/texmf-dist/tex/latex/graphics-def/pdftex.def
File: pdftex.def 2022/09/22 v1.2b Graphics/color driver for pdftex
))
\Gin@req@height=\dimen141
\Gin@req@width=\dimen142
)
(/usr/share/texlive/texmf-dist/tex/latex/booktabs/booktabs.sty
Package: booktabs 2020/01/12 v1.61803398 Publication quality tables
\heavyrulewidth=\dimen143
\lightrulewidth=\dimen144
\cmidrulewidth=\dimen145
\belowrulesep=\dimen146
\belowbottomsep=\dimen147
\aboverulesep=\dimen148
\abovetopsep=\dimen149
\cmidrulesep=\dimen150
\cmidrulekern=\dimen151
\defaultaddspace=\dimen152
\@cmidla=\count195
\@cmidlb=\count196
\@aboverulesep=\dimen153
\@belowrulesep=\dimen154
\@thisruleclass=\count197
\@lastruleclass=\count198
\@thisrulewidth=\dimen155
)
(/usr/share/texlive/texmf-dist/tex/latex/multirow/multirow.sty
Package: multirow 2021/03/15 v2.8 Span multiple rows of a table
\multirow@colwidth=\skip50
\multirow@cntb=\count199
\multirow@dima=\skip51
\bigstrutjot=\dimen156
))
(./thesis-info.tex)
(/usr/share/texlive/texmf-dist/tex/latex/l3backend/l3backend-pdftex.def
File: l3backend-pdftex.def 2023-01-16 L3 backend support: PDF output (pdfTeX)
\l__color_backend_stack_int=\count266
\l__pdf_internal_box=\box53
)
(./thesis.aux (./Title_page/titlepage.aux) (./Dedication/dedication.aux)
(./Abstract/abstract.aux) (./Introduction/introduction.aux)
(./Chapter1/chapter1.aux) (./Chapter2/chapter2.aux) (./Chapter3/chapter3.aux)
(./Chapter4/chapter4.aux) (./Chapter5/chapter5.aux)
(./Conclusion/conclusion.aux))
\openout1 = `thesis.aux'.

LaTeX Font Info:    Checking defaults for OML/cmm/m/it on input line 18.
LaTeX Font Info:    ... okay on input line 18.
LaTeX Font Info:    Checking defaults for OMS/cmsy/m/n on input line 18.
LaTeX Font Info:    ... okay on input line 18.
LaTeX Font Info:    Checking defaults for OT1/cmr/m/n on input line 18.
LaTeX Font Info:    ... okay on input line 18.
LaTeX Font Info:    Checking defaults for T1/cmr/m/n on input line 18.
LaTeX Font Info:    ... okay on input line 18.
LaTeX Font Info:    Checking defaults for TS1/cmr/m/n on input line 18.
LaTeX Font Info:    ... okay on input line 18.
LaTeX Font Info:    Checking defaults for OMX/cmex/m/n on input line 18.
LaTeX Font Info:    ... okay on input line 18.
LaTeX Font Info:    Checking defaults for U/cmr/m/n on input line 18.
LaTeX Font Info:    ... okay on input line 18.

(/usr/share/texlive/texmf-dist/tex/context/base/mkii/supp-pdf.mkii
[Loading MPS to PDF converter (version 2006.09.02).]
\scratchcounter=\count267
\scratchdimen=\dimen157
\scratchbox=\box54
\nofMPsegments=\count268
\nofMParguments=\count269
\everyMPshowfont=\toks19
\MPscratchCnt=\count270
\MPscratchDim=\dimen158
\MPnumerator=\count271
\makeMPintoPDFobject=\count272
\everyMPtoPDFconversion=\toks20
) (/usr/share/texlive/texmf-dist/tex/latex/epstopdf-pkg/epstopdf-base.sty
Package: epstopdf-base 2020-01-24 v2.11 Base part for package epstopdf
Package epstopdf-base Info: Redefining graphics rule for `.eps' on input line 4
85.

(/usr/share/texlive/texmf-dist/tex/latex/latexconfig/epstopdf-sys.cfg
File: epstopdf-sys.cfg 2010/07/13 v1.3 Configuration of (r)epstopdf for TeX Liv
e
))
\openout2 = `Title_page/titlepage.aux'.


(./Title_page/titlepage.tex [1




{/var/lib/texmf/fonts/map/pdftex/updmap/pdftex.map}])
\openout2 = `Dedication/dedication.aux'.

 (./Dedication/dedication.tex) [1




]
\openout2 = `Abstract/abstract.aux'.

 (./Abstract/abstract.tex)
Overfull \hbox (5.41396pt too wide) in paragraph at lines 3--25
\OT1/cmr/m/n/12 This mas-ter the-sis ex-plores the de-vel-op-ment and im-ple-me
n-ta-tion of a Pub/Sub
 []

[2




] (./thesis.toc
LaTeX Font Info:    External font `cmex10' loaded for size
(Font)              <12> on input line 2.
LaTeX Font Info:    External font `cmex10' loaded for size
(Font)              <8> on input line 2.
LaTeX Font Info:    External font `cmex10' loaded for size
(Font)              <6> on input line 2.
 [3



] [4] [5])
\tf@toc=\write3
\openout3 = `thesis.toc'.

 [6] (./thesis.lot)
\tf@lot=\write4
\openout4 = `thesis.lot'.

 [7

] (./thesis.lof [8

]
[9] [10])
\tf@lof=\write5
\openout5 = `thesis.lof'.

 [11]
\openout2 = `Introduction/introduction.aux'.

 (./Introduction/introduction.tex
Overfull \hbox (0.77928pt too wide) in paragraph at lines 12--14
[]\OT1/cmr/m/n/12 This the-sis cen-ters around the de-vel-op-ment and im-ple-me
n-ta-tion of a Pub/Sub
 []

) [1



]
\openout2 = `Chapter1/chapter1.aux'.

 (./Chapter1/chapter1.tex
Chapter 1.
[2




]
<./Figures/processor_architectures.png, id=51, 501.875pt x 177.66376pt>
File: ./Figures/processor_architectures.png Graphic file (type png)
<use ./Figures/processor_architectures.png>
Package pdftex.def Info: ./Figures/processor_architectures.png  used on input l
ine 49.
(pdftex.def)             Requested size: 390.0pt x 138.0675pt.
 [3 <./Figures/processor_architectures.png>] [4]
<./Figures/cross_compilation_process.png, id=60, 501.875pt x 242.9075pt>
File: ./Figures/cross_compilation_process.png Graphic file (type png)
<use ./Figures/cross_compilation_process.png>
Package pdftex.def Info: ./Figures/cross_compilation_process.png  used on input
 line 118.
(pdftex.def)             Requested size: 390.0pt x 188.77025pt.
 [5 <./Figures/cross_compilation_process.png>] [6] [7]
<./Figures/boot_steps.png, id=73, 439.6425pt x 53.19875pt>
File: ./Figures/boot_steps.png Graphic file (type png)
<use ./Figures/boot_steps.png>
Package pdftex.def Info: ./Figures/boot_steps.png  used on input line 243.
(pdftex.def)             Requested size: 390.0pt x 47.1933pt.
 [8 <./Figures/boot_steps.png>] [9]
<./Figures/multi_stage_bootloader.png, id=81, 452.892pt x 282.3348pt>
File: ./Figures/multi_stage_bootloader.png Graphic file (type png)
<use ./Figures/multi_stage_bootloader.png>
Package pdftex.def Info: ./Figures/multi_stage_bootloader.png  used on input li
ne 301.
(pdftex.def)             Requested size: 390.0pt x 243.1349pt.
 [10 <./Figures/multi_stage_bootloader.png>] [11] [12]
<./Figures/task_states.jpeg, id=92, 1927.2pt x 1084.05pt>
File: ./Figures/task_states.jpeg Graphic file (type jpg)
<use ./Figures/task_states.jpeg>
Package pdftex.def Info: ./Figures/task_states.jpeg  used on input line 414.
(pdftex.def)             Requested size: 390.0pt x 219.37006pt.
 [13 <./Figures/task_states.jpeg>]
<./Figures/embedded_linux_architecture.jpg, id=97, 971.63pt x 533.995pt>
File: ./Figures/embedded_linux_architecture.jpg Graphic file (type jpg)
<use ./Figures/embedded_linux_architecture.jpg>
Package pdftex.def Info: ./Figures/embedded_linux_architecture.jpg  used on inp
ut line 437.
(pdftex.def)             Requested size: 390.0pt x 214.3357pt.
 [14 <./Figures/embedded_linux_architecture.jpg>]
<./Figures/real_time_linux_architecture.png, id=101, 542.025pt x 378.41376pt>
File: ./Figures/real_time_linux_architecture.png Graphic file (type png)
<use ./Figures/real_time_linux_architecture.png>
Package pdftex.def Info: ./Figures/real_time_linux_architecture.png  used on in
put line 500.
(pdftex.def)             Requested size: 390.0pt x 272.28447pt.
 [15]
<./Figures/yocto_stack.png, id=105, 553.06625pt x 323.2075pt>
File: ./Figures/yocto_stack.png Graphic file (type png)
<use ./Figures/yocto_stack.png>
Package pdftex.def Info: ./Figures/yocto_stack.png  used on input line 518.
(pdftex.def)             Requested size: 390.0pt x 227.91063pt.
 [16 <./Figures/real_time_linux_architecture.png>]
Overfull \hbox (10.54028pt too wide) in paragraph at lines 555--559
[]\OT1/cmr/m/n/12 The project's strenght lies in its abil-ity to of-fer cus-tom
iza-tion, cross-compilation
 []

[17 <./Figures/yocto_stack.png>]
<./Figures/yocto_poky_stack.png, id=113, 586.19pt x 454.69875pt>
File: ./Figures/yocto_poky_stack.png Graphic file (type png)
<use ./Figures/yocto_poky_stack.png>
Package pdftex.def Info: ./Figures/yocto_poky_stack.png  used on input line 572
.
(pdftex.def)             Requested size: 390.0pt x 302.51657pt.
) [18 <./Figures/yocto_poky_stack.png>]
[19]
\openout2 = `Chapter2/chapter2.aux'.

 (./Chapter2/chapter2.tex
Chapter 2.
<Figures/board_selection.jpg, id=122, 3030.32124pt x 688.5725pt>
File: Figures/board_selection.jpg Graphic file (type jpg)
<use Figures/board_selection.jpg>
Package pdftex.def Info: Figures/board_selection.jpg  used on input line 31.
(pdftex.def)             Requested size: 389.97905pt x 142.26147pt.
[20




] [21 <./Figures/board_selection.jpg>]
<./Figures/am64_architecture.png, id=129, 400.99812pt x 332.74312pt>
File: ./Figures/am64_architecture.png Graphic file (type png)
<use ./Figures/am64_architecture.png>
Package pdftex.def Info: ./Figures/am64_architecture.png  used on input line 69
.
(pdftex.def)             Requested size: 390.0pt x 323.6388pt.
 [22 <./Figures/am64_architecture.png>] [23]
<./Figures/A53_MPCore_architecture.png, id=137, 518.93875pt x 305.14pt>
File: ./Figures/A53_MPCore_architecture.png Graphic file (type png)
<use ./Figures/A53_MPCore_architecture.png>
Package pdftex.def Info: ./Figures/A53_MPCore_architecture.png  used on input l
ine 137.
(pdftex.def)             Requested size: 390.0pt x 229.334pt.
<./Figures/A53_diagram.png, id=138, 536.0025pt x 289.08pt>
File: ./Figures/A53_diagram.png Graphic file (type png)
<use ./Figures/A53_diagram.png>
Package pdftex.def Info: ./Figures/A53_diagram.png  used on input line 153.
(pdftex.def)             Requested size: 390.0pt x 210.3341pt.
 [24 <./Figures/A53_MPCore_architecture.png>]
<./Figures/R5FSS_diagram.png, id=143, 563.85657pt x 492.33937pt>
File: ./Figures/R5FSS_diagram.png Graphic file (type png)
<use ./Figures/R5FSS_diagram.png>
Package pdftex.def Info: ./Figures/R5FSS_diagram.png  used on input line 179.
(pdftex.def)             Requested size: 390.0pt x 340.5409pt.
 [25 <./Figures/A53_diagram.png>] [26 <./Figures/R5FSS_diagram.png>]
<./Figures/M4FSS_diagram.png, id=153, 516.42938pt x 365.11406pt>
File: ./Figures/M4FSS_diagram.png Graphic file (type png)
<use ./Figures/M4FSS_diagram.png>
Package pdftex.def Info: ./Figures/M4FSS_diagram.png  used on input line 228.
(pdftex.def)             Requested size: 390.0pt x 275.7402pt.
 [27] [28 <./Figures/M4FSS_diagram.png>]
<./Figures/PRUICSSG_architecture.png, id=161, 711.4078pt x 348.55219pt>
File: ./Figures/PRUICSSG_architecture.png Graphic file (type png)
<use ./Figures/PRUICSSG_architecture.png>
Package pdftex.def Info: ./Figures/PRUICSSG_architecture.png  used on input lin
e 281.
(pdftex.def)             Requested size: 390.0pt x 191.08734pt.
 [29]
Overfull \hbox (2.77231pt too wide) in paragraph at lines 303--312
\OT1/cmr/m/n/12 real-time ap-pli-ca-tions that re-quire low-latency and de-ter-
min-is-tic per-for-mance.
 []

[30 <./Figures/PRUICSSG_architecture.png>] [31]
<./Figures/MSRAM_layout.png, id=173, 1801.73125pt x 617.30624pt>
File: ./Figures/MSRAM_layout.png Graphic file (type png)
<use ./Figures/MSRAM_layout.png>
Package pdftex.def Info: ./Figures/MSRAM_layout.png  used on input line 369.
(pdftex.def)             Requested size: 390.0pt x 133.61308pt.
 [32 <./Figures/MSRAM_layout.png (PNG copy)>]
<./Figures/DDR_linux.png, id=177, 455.7025pt x 631.35875pt>
File: ./Figures/DDR_linux.png Graphic file (type png)
<use ./Figures/DDR_linux.png>
Package pdftex.def Info: ./Figures/DDR_linux.png  used on input line 407.
(pdftex.def)             Requested size: 155.99762pt x 216.13309pt.
 [33 <./Figures/DDR_linux.png (PNG copy)>]
<./Figures/DDR_without_linux.png, id=181, 491.8375pt x 676.5275pt>
File: ./Figures/DDR_without_linux.png Graphic file (type png)
<use ./Figures/DDR_without_linux.png>
Package pdftex.def Info: ./Figures/DDR_without_linux.png  used on input line 41
8.
(pdftex.def)             Requested size: 155.99762pt x 214.57314pt.
 [34 <./Figures/DDR_without_linux.png (PNG copy)>]
<./Figures/networking_software_architecture.png, id=185, 1042.89626pt x 801.996
25pt>
File: ./Figures/networking_software_architecture.png Graphic file (type png)
<use ./Figures/networking_software_architecture.png>
Package pdftex.def Info: ./Figures/networking_software_architecture.png  used o
n input line 448.
(pdftex.def)             Requested size: 390.0pt x 299.9157pt.
<./Figures/IPC.png, id=186, 1492.57625pt x 650.43pt>
File: ./Figures/IPC.png Graphic file (type png)
<use ./Figures/IPC.png>
Package pdftex.def Info: ./Figures/IPC.png  used on input line 463.
(pdftex.def)             Requested size: 390.0pt x 169.95142pt.
 [35 <./Figures/networking_software_architecture.png (PNG copy)>] [36 <./Figure
s/IPC.png (PNG copy)>] [37]
<./Figures/RPMsg_stack.png, id=197, 676.5275pt x 624.3325pt>
File: ./Figures/RPMsg_stack.png Graphic file (type png)
<use ./Figures/RPMsg_stack.png>
Package pdftex.def Info: ./Figures/RPMsg_stack.png  used on input line 548.
(pdftex.def)             Requested size: 312.00119pt x 287.9395pt.
 [38 <./Figures/RPMsg_stack.png (PNG copy)>]
<./Figures/IPC_PRU.png, id=202, 2011.515pt x 690.58pt>
File: ./Figures/IPC_PRU.png Graphic file (type png)
<use ./Figures/IPC_PRU.png>
Package pdftex.def Info: ./Figures/IPC_PRU.png  used on input line 564.
(pdftex.def)             Requested size: 312.00119pt x 107.11255pt.
 [39 <./Figures/IPC_PRU.png>]
<./Figures/IPC_linux_PRU_components.png, id=207, 1431.3475pt x 850.17625pt>
File: ./Figures/IPC_linux_PRU_components.png Graphic file (type png)
<use ./Figures/IPC_linux_PRU_components.png>
Package pdftex.def Info: ./Figures/IPC_linux_PRU_components.png  used on input 
line 595.
(pdftex.def)             Requested size: 312.00119pt x 185.314pt.
<./Figures/IPC_linux_ARM_to_PRU.png, id=208, 580.1675pt x 950.55125pt>
File: ./Figures/IPC_linux_ARM_to_PRU.png Graphic file (type png)
<use ./Figures/IPC_linux_ARM_to_PRU.png>
Package pdftex.def Info: ./Figures/IPC_linux_ARM_to_PRU.png  used on input line
 603.
(pdftex.def)             Requested size: 155.99762pt x 255.57895pt.
 [40 <./Figures/IPC_linux_PRU_components.png (PNG copy)>]
<./Figures/IPC_linux_PRU_to_ARM.png, id=212, 555.07375pt x 946.53625pt>
File: ./Figures/IPC_linux_PRU_to_ARM.png Graphic file (type png)
<use ./Figures/IPC_linux_PRU_to_ARM.png>
Package pdftex.def Info: ./Figures/IPC_linux_PRU_to_ARM.png  used on input line
 640.
(pdftex.def)             Requested size: 155.99762pt x 266.01047pt.
 [41 <./Figures/IPC_linux_ARM_to_PRU.png (PNG copy)>]
[42 <./Figures/IPC_linux_PRU_to_ARM.png (PNG copy)>] [43]
<./Figures/boot_initial_flow.png, id=223, 1898.09125pt x 460.72125pt>
File: ./Figures/boot_initial_flow.png Graphic file (type png)
<use ./Figures/boot_initial_flow.png>
Package pdftex.def Info: ./Figures/boot_initial_flow.png  used on input line 73
9.
(pdftex.def)             Requested size: 390.0pt x 94.65936pt.
 [44 <./Figures/boot_initial_flow.png>]
<./Figures/boot_process_flow.png, id=228, 286.06876pt x 362.85562pt>
File: ./Figures/boot_process_flow.png Graphic file (type png)
<use ./Figures/boot_process_flow.png>
Package pdftex.def Info: ./Figures/boot_process_flow.png  used on input line 76
2.
(pdftex.def)             Requested size: 312.00119pt x 395.75394pt.
 [45] [46 <./Figures/boot_process_flow.png>]
<./Figures/boot_sbl_flow.png, id=236, 123.96312pt x 200.75pt>
File: ./Figures/boot_sbl_flow.png Graphic file (type png)
<use ./Figures/boot_sbl_flow.png>
Package pdftex.def Info: ./Figures/boot_sbl_flow.png  used on input line 783.
(pdftex.def)             Requested size: 155.99762pt x 252.64612pt.
 [47 <./Figures/boot_sbl_flow.png>] [48]
<./Figures/boot_linux_components.png, id=244, 1032.85875pt x 700.6175pt>
File: ./Figures/boot_linux_components.png Graphic file (type png)
<use ./Figures/boot_linux_components.png>
Package pdftex.def Info: ./Figures/boot_linux_components.png  used on input lin
e 860.
(pdftex.def)             Requested size: 390.0pt x 264.54831pt.
<./Figures/boot_linux_flow.jpg, id=245, 683.55376pt x 442.65375pt>
File: ./Figures/boot_linux_flow.jpg Graphic file (type jpg)
<use ./Figures/boot_linux_flow.jpg>
Package pdftex.def Info: ./Figures/boot_linux_flow.jpg  used on input line 866.

(pdftex.def)             Requested size: 312.00119pt x 202.04942pt.
 [49 <./Figures/boot_linux_components.png>]) [50 <./Figures/boot_linux_flow.jpg
>]
\openout2 = `Chapter3/chapter3.aux'.

 (./Chapter3/chapter3.tex
Chapter 3.
[51




]
<Figures/pub_sub_general_architecture.png, id=257, 458.71375pt x 345.29pt>
File: Figures/pub_sub_general_architecture.png Graphic file (type png)
<use Figures/pub_sub_general_architecture.png>
Package pdftex.def Info: Figures/pub_sub_general_architecture.png  used on inpu
t line 43.
(pdftex.def)             Requested size: 312.00119pt x 234.86256pt.
 [52 <./Figures/pub_sub_general_architecture.png>]
<./Figures/kafka_architecture.png, id=262, 1284.8pt x 972.63374pt>
File: ./Figures/kafka_architecture.png Graphic file (type png)
<use ./Figures/kafka_architecture.png>
Package pdftex.def Info: ./Figures/kafka_architecture.png  used on input line 9
6.
(pdftex.def)             Requested size: 390.0pt x 295.23552pt.
 [53] [54 <./Figures/kafka_architecture.png>] [55]
<./Figures/kafka_partitions.png, id=274, 1461.46pt x 756.8275pt>
File: ./Figures/kafka_partitions.png Graphic file (type png)
<use ./Figures/kafka_partitions.png>
Package pdftex.def Info: ./Figures/kafka_partitions.png  used on input line 175
.
(pdftex.def)             Requested size: 390.0pt x 201.95567pt.
<./Figures/kafka_partition2.png, id=275, 563.10374pt x 298.11375pt>
File: ./Figures/kafka_partition2.png Graphic file (type png)
<use ./Figures/kafka_partition2.png>
Package pdftex.def Info: ./Figures/kafka_partition2.png  used on input line 189
.
(pdftex.def)             Requested size: 390.0pt x 206.47202pt.
 [56 <./Figures/kafka_partitions.png (PNG copy)>]
<./Figures/kafka_partition3.png, id=279, 700.6175pt x 592.2125pt>
File: ./Figures/kafka_partition3.png Graphic file (type png)
<use ./Figures/kafka_partition3.png>
Package pdftex.def Info: ./Figures/kafka_partition3.png  used on input line 205
.
(pdftex.def)             Requested size: 390.0pt x 329.65776pt.

[57 <./Figures/kafka_partition2.png (PNG copy)>] [58 <./Figures/kafka_partition
3.png (PNG copy)>]
<./Figures/kafka_producer.png, id=286, 1003.75pt x 245.91875pt>
File: ./Figures/kafka_producer.png Graphic file (type png)
<use ./Figures/kafka_producer.png>
Package pdftex.def Info: ./Figures/kafka_producer.png  used on input line 270.
(pdftex.def)             Requested size: 390.0pt x 95.55144pt.
 [59 <./Figures/kafka_producer.png (PNG copy)>] [60] [61]
[62]
<./Figures/kafka_partition_key.png, id=300, 722.7pt x 191.71625pt>
File: ./Figures/kafka_partition_key.png Graphic file (type png)
<use ./Figures/kafka_partition_key.png>
Package pdftex.def Info: ./Figures/kafka_partition_key.png  used on input line 
427.
(pdftex.def)             Requested size: 390.0pt x 103.45795pt.
 [63 <./Figures/kafka_partition_key.png (PNG copy)>]
<./Figures/kafka_reading_partitions.png, id=304, 541.02126pt x 460.72125pt>
File: ./Figures/kafka_reading_partitions.png Graphic file (type png)
<use ./Figures/kafka_reading_partitions.png>
Package pdftex.def Info: ./Figures/kafka_reading_partitions.png  used on input 
line 473.
(pdftex.def)             Requested size: 390.0pt x 332.12679pt.
 [64]
<./Figures/kafka_consumer_group.png, id=308, 475.7775pt x 252.945pt>
File: ./Figures/kafka_consumer_group.png Graphic file (type png)
<use ./Figures/kafka_consumer_group.png>
Package pdftex.def Info: ./Figures/kafka_consumer_group.png  used on input line
 495.
(pdftex.def)             Requested size: 390.0pt x 207.35063pt.
 [65 <./Figures/kafka_reading_partitions.png (PNG copy)>]
<./Figures/kafka_parallelism.png, id=312, 551.05875pt x 449.68pt>
File: ./Figures/kafka_parallelism.png Graphic file (type png)
<use ./Figures/kafka_parallelism.png>
Package pdftex.def Info: ./Figures/kafka_parallelism.png  used on input line 50
5.
(pdftex.def)             Requested size: 390.0pt x 318.26637pt.
 [66 <./Figures/kafka_consumer_group.png (PNG copy)>]
Overfull \hbox (1.48436pt too wide) in paragraph at lines 538--542
\OT1/cmr/m/n/12 its po-si-tion, and pro-cesses the mes-sages. How-ever, the con
-sumer crashes
 []

[67 <./Figures/kafka_parallelism.png (PNG copy)>]) [68]
\openout2 = `Chapter4/chapter4.aux'.


(./Chapter4/chapter4.tex
Chapter 4.
[69




]
<Figures/architecture_layers.png, id=326, 1111.15125pt x 656.4525pt>
File: Figures/architecture_layers.png Graphic file (type png)
<use Figures/architecture_layers.png>
Package pdftex.def Info: Figures/architecture_layers.png  used on input line 42
.
(pdftex.def)             Requested size: 312.00119pt x 184.32631pt.
 [70 <./Figures/architecture_layers.png>]
Overfull \hbox (0.61816pt too wide) in paragraph at lines 96--99
\OT1/cmr/m/n/12 sumer groups, bro-kers, repli-cas, par-ti-tions, records, pro-d
uc-ers and con-sumers. 
 []

<Figures/class_diagram.png, id=331, 1084.05pt x 577.25662pt>
File: Figures/class_diagram.png Graphic file (type png)
<use Figures/class_diagram.png>
Package pdftex.def Info: Figures/class_diagram.png  used on input line 102.
(pdftex.def)             Requested size: 312.00119pt x 166.14055pt.
[71] [72 <./Figures/class_diagram.png>]
<Figures/class_diagram_topic_manager.png, id=338, 849.1725pt x 686.565pt>
File: Figures/class_diagram_topic_manager.png Graphic file (type png)
<use Figures/class_diagram_topic_manager.png>
Package pdftex.def Info: Figures/class_diagram_topic_manager.png  used on input
 line 140.
(pdftex.def)             Requested size: 312.00119pt x 252.25461pt.
 [73 <./Figures/class_diagram_topic_manager.png>]
<Figures/class_diagram_QoS.png, id=343, 2007.5pt x 1955.305pt>
File: Figures/class_diagram_QoS.png Graphic file (type png)
<use Figures/class_diagram_QoS.png>
Package pdftex.def Info: Figures/class_diagram_QoS.png  used on input line 178.

(pdftex.def)             Requested size: 234.00238pt x 227.91348pt.
 [74 <./Figures/class_diagram_QoS.png>]
<Figures/class_diagram_communication.png, id=348, 786.0567pt x 540.3387pt>
File: Figures/class_diagram_communication.png Graphic file (type png)
<use Figures/class_diagram_communication.png>
Package pdftex.def Info: Figures/class_diagram_communication.png  used on input
 line 216.
(pdftex.def)             Requested size: 390.0pt x 268.09097pt.
 [75] [76 <./Figures/class_diagram_communication.png>]
<Figures/class_diagram_domain_1.png, id=355, 1994.45125pt x 1013.7875pt>
File: Figures/class_diagram_domain_1.png Graphic file (type png)
<use Figures/class_diagram_domain_1.png>
Package pdftex.def Info: Figures/class_diagram_domain_1.png  used on input line
 248.
(pdftex.def)             Requested size: 390.0pt x 198.23692pt.
<Figures/class_diagram_domain_2.png, id=356, 1903.11pt x 789.95125pt>
File: Figures/class_diagram_domain_2.png Graphic file (type png)
<use Figures/class_diagram_domain_2.png>
Package pdftex.def Info: Figures/class_diagram_domain_2.png  used on input line
 255.
(pdftex.def)             Requested size: 390.0pt x 161.88078pt.
 [77 <./Figures/class_diagram_domain_1.png> <./Figures/class_diagram_domain_2.p
ng>]
<Figures/sequence_diagram_consumer_poll.png, id=362, 2007.5pt x 1363.0925pt>
File: Figures/sequence_diagram_consumer_poll.png Graphic file (type png)
<use Figures/sequence_diagram_consumer_poll.png>
Package pdftex.def Info: Figures/sequence_diagram_consumer_poll.png  used on in
put line 280.
(pdftex.def)             Requested size: 390.0pt x 264.79321pt.
<Figures/sequence_diagram_producer.png, id=363, 1042.8561pt x 659.5842pt>
File: Figures/sequence_diagram_producer.png Graphic file (type png)
<use Figures/sequence_diagram_producer.png>
Package pdftex.def Info: Figures/sequence_diagram_producer.png  used on input l
ine 291.
(pdftex.def)             Requested size: 390.0pt x 246.65907pt.
 [78 <./Figures/sequence_diagram_consumer_poll.png>]
<Figures/sequence_diagram_cluster_status_configurer.png, id=368, 2007.5pt x 182
6.825pt>
File: Figures/sequence_diagram_cluster_status_configurer.png Graphic file (type
 png)
<use Figures/sequence_diagram_cluster_status_configurer.png>
Package pdftex.def Info: Figures/sequence_diagram_cluster_status_configurer.png
  used on input line 310.
(pdftex.def)             Requested size: 272.99881pt x 248.4226pt.
[79 <./Figures/sequence_diagram_producer.png>]
<Figures/sequence_diagram_cluster_status_system_manager.png, id=373, 2007.5pt x
 1241.63875pt>
File: Figures/sequence_diagram_cluster_status_system_manager.png Graphic file (
type png)
<use Figures/sequence_diagram_cluster_status_system_manager.png>
Package pdftex.def Info: Figures/sequence_diagram_cluster_status_system_manager
.png  used on input line 317.
(pdftex.def)             Requested size: 272.99881pt x 168.84547pt.
<Figures/sequence_diagram_broker.png, id=374, 2007.5pt x 1274.7625pt>
File: Figures/sequence_diagram_broker.png Graphic file (type png)
<use Figures/sequence_diagram_broker.png>
Package pdftex.def Info: Figures/sequence_diagram_broker.png  used on input lin
e 329.
(pdftex.def)             Requested size: 390.0pt x 247.6343pt.
 [80 <./Figures/sequence_diagram_cluster_status_configurer.png> <./Figures/sequ
ence_diagram_cluster_status_system_manager.png>]
<Figures/sequence_diagram_subscription.png, id=380, 2007.5pt x 1274.7625pt>
File: Figures/sequence_diagram_subscription.png Graphic file (type png)
<use Figures/sequence_diagram_subscription.png>
Package pdftex.def Info: Figures/sequence_diagram_subscription.png  used on inp
ut line 342.
(pdftex.def)             Requested size: 390.0pt x 247.6343pt.
 [81 <./Figures/sequence_diagram_broker.png>]) [82 <./Figures/sequence_diagram_
subscription.png>]
\openout2 = `Chapter5/chapter5.aux'.

 (./Chapter5/chapter5.tex
Chapter 5.
<Figures/implementation_message_format.png, id=389, 203.25937pt x 90.3375pt>
File: Figures/implementation_message_format.png Graphic file (type png)
<use Figures/implementation_message_format.png>
Package pdftex.def Info: Figures/implementation_message_format.png  used on inp
ut line 30.
(pdftex.def)             Requested size: 195.0pt x 86.66924pt.
[83




]
<Figures/implementation_serialize.png, id=393, 459.21562pt x 106.89937pt>
File: Figures/implementation_serialize.png Graphic file (type png)
<use Figures/implementation_serialize.png>
Package pdftex.def Info: Figures/implementation_serialize.png  used on input li
ne 43.
(pdftex.def)             Requested size: 390.0pt x 90.79147pt.
<Figures/implementation_deserialize.png, id=394, 412.54124pt x 381.67593pt>
File: Figures/implementation_deserialize.png Graphic file (type png)
<use Figures/implementation_deserialize.png>
Package pdftex.def Info: Figures/implementation_deserialize.png  used on input 
line 53.
(pdftex.def)             Requested size: 272.99881pt x 252.57664pt.
 [84 <./Figures/implementation_message_format.png> <./Figures/implementation_se
rialize.png>]
Overfull \hbox (1.42789pt too wide) in paragraph at lines 72--75
[]\OT1/cmr/m/n/12 Request to Con-fig-urer (Com-mu-ni-ca-tionU-tils::request): T
he con-structed
 []

[85 <./Figures/implementation_deserialize.png>]
<Figures/implementation_system_manager.png, id=405, 519.9425pt x 159.59625pt>
File: Figures/implementation_system_manager.png Graphic file (type png)
<use Figures/implementation_system_manager.png>
Package pdftex.def Info: Figures/implementation_system_manager.png  used on inp
ut line 83.
(pdftex.def)             Requested size: 390.0pt x 119.70905pt.

Overfull \hbox (0.83623pt too wide) in paragraph at lines 96--100
\OT1/cmr/m/n/12 stan-ti-ated us-ing the com-mu-ni-ca-tion-Type, Bro-ker-Meta-da
ta, Top-icMeta-
 []

<Figures/implementation_topic_factory.png, id=406, 534.99875pt x 145.04187pt>
File: Figures/implementation_topic_factory.png Graphic file (type png)
<use Figures/implementation_topic_factory.png>
Package pdftex.def Info: Figures/implementation_topic_factory.png  used on inpu
t line 104.
(pdftex.def)             Requested size: 390.0pt x 105.73581pt.
[86 <./Figures/implementation_system_manager.png> <./Figures/implementation_top
ic_factory.png>]
<Figures/implementation_broker_mode.png, id=412, 678.28406pt x 304.13625pt>
File: Figures/implementation_broker_mode.png Graphic file (type png)
<use Figures/implementation_broker_mode.png>
Package pdftex.def Info: Figures/implementation_broker_mode.png  used on input 
line 119.
(pdftex.def)             Requested size: 390.0pt x 174.87233pt.

Overfull \hbox (2.28578pt too wide) in paragraph at lines 137--147
\OT1/cmr/m/n/12 plored. RPMes-sageCom-mu-ni-ca-tion and RPMes-sageLin-ux-Com-mu
-ni-ca-tion are
 []

[87 <./Figures/implementation_broker_mode.png>]
<Figures/implementation_rpmessage_init.png, id=417, 607.26875pt x 123.96312pt>
File: Figures/implementation_rpmessage_init.png Graphic file (type png)
<use Figures/implementation_rpmessage_init.png>
Package pdftex.def Info: Figures/implementation_rpmessage_init.png  used on inp
ut line 157.
(pdftex.def)             Requested size: 390.0pt x 79.61227pt.
<Figures/implementation_rpmessage_write.png, id=418, 507.8975pt x 223.33438pt>
File: Figures/implementation_rpmessage_write.png Graphic file (type png)
<use Figures/implementation_rpmessage_write.png>
Package pdftex.def Info: Figures/implementation_rpmessage_write.png  used on in
put line 168.
(pdftex.def)             Requested size: 390.0pt x 171.49773pt.
 [88 <./Figures/implementation_rpmessage_init.png>]
Overfull \hbox (1.61957pt too wide) in paragraph at lines 172--177
[]\OT1/cmr/m/n/12 Responsible for trans-mit-ting mes-sages, the write method em
-ploys the RPMes-
 []

<Figures/implementation_rpmessage_read.png, id=424, 444.15938pt x 227.85126pt>
File: Figures/implementation_rpmessage_read.png Graphic file (type png)
<use Figures/implementation_rpmessage_read.png>
Package pdftex.def Info: Figures/implementation_rpmessage_read.png  used on inp
ut line 180.
(pdftex.def)             Requested size: 390.0pt x 200.06818pt.
[89 <./Figures/implementation_rpmessage_write.png> <./Figures/implementation_rp
message_read.png>]
<Figures/implementation_rpmessage_linux_write.png, id=430, 890.5772pt x 343.282
5pt>
File: Figures/implementation_rpmessage_linux_write.png Graphic file (type png)
<use Figures/implementation_rpmessage_linux_write.png>
Package pdftex.def Info: Figures/implementation_rpmessage_linux_write.png  used
 on input line 207.
(pdftex.def)             Requested size: 390.0pt x 150.32713pt.
 [90 <./Figures/implementation_rpmessage_linux_write.png>]
<Figures/implementation_rpmessage_linux_read.png, id=435, 526.21594pt x 673.767
18pt>
File: Figures/implementation_rpmessage_linux_read.png Graphic file (type png)
<use Figures/implementation_rpmessage_linux_read.png>
Package pdftex.def Info: Figures/implementation_rpmessage_linux_read.png  used 
on input line 224.
(pdftex.def)             Requested size: 312.00119pt x 399.50339pt.

[91 <./Figures/implementation_rpmessage_linux_read.png>] [92] [93] [94]
Overfull \hbox (1.25525pt too wide) in paragraph at lines 417--427
 [][] 
 []

[95] [96] [97]) [98]
\openout2 = `Conclusion/conclusion.aux'.

 (./Conclusion/conclusion.tex) [99




] [100] (./thesis.bbl
Underfull \hbox (badness 10000) in paragraph at lines 12--14
[]\OT1/cmr/m/n/12 Embedded linux ubuntu.  $\OT1/cmtt/m/n/12 https : / / ubuntu 
. com / blog /
 []


Underfull \hbox (badness 10000) in paragraph at lines 25--29
\OT1/cmtt/m/n/12 documentation / ddi0439 / b / Introduction / Product-[]documen
tation /
 []


Underfull \hbox (badness 10000) in paragraph at lines 45--47
[]\OT1/cmr/m/n/12 Apache kafka doc-u-men-ta-tion.  $\OT1/cmtt/m/n/12 https : / 
/ kafka . apache . org /
 []

[101





]
Underfull \hbox (badness 10000) in paragraph at lines 63--67
[]\OT1/cmr/m/n/12 Rz/g2 mpus.  $\OT1/cmtt/m/n/12 https : / / www . solid-[]run 
. com /
 []


Underfull \hbox (badness 3098) in paragraph at lines 77--81
[]\OT1/cmr/m/n/12 Zynq ul-tra-scale+ mp-socs.  $\OT1/cmtt/m/n/12 https : / / ww
w . xilinx . com / products /
 []

) [102] (./thesis.aux (./Title_page/titlepage.aux) (./Dedication/dedication.aux
) (./Abstract/abstract.aux) (./Introduction/introduction.aux)
(./Chapter1/chapter1.aux) (./Chapter2/chapter2.aux) (./Chapter3/chapter3.aux)
(./Chapter4/chapter4.aux) (./Chapter5/chapter5.aux)
(./Conclusion/conclusion.aux)) ) 
Here is how much of TeX's memory you used:
 2549 strings out of 478051
 57986 string characters out of 5840944
 1860330 words of memory out of 5000000
 22529 multiletter control sequences out of 15000+600000
 518699 words of font info for 53 fonts, out of 8000000 for 9000
 14 hyphenation exceptions out of 8191
 62i,8n,65p,630b,289s stack positions out of 10000i,1000n,20000p,200000b,200000s
 </home/thomas/.texlive2022/texmf-var/fonts/pk/
ljfour/jknappen/ec/tcrm1200.600pk></usr/share/texlive/texmf-dist/fonts/type1/pu
blic/amsfonts/cm/cmbx12.pfb></usr/share/texlive/texmf-dist/fonts/type1/public/a
msfonts/cm/cmr12.pfb></usr/share/texlive/texmf-dist/fonts/type1/public/amsfonts
/cm/cmsl12.pfb></usr/share/texlive/texmf-dist/fonts/type1/public/amsfonts/cm/cm
ti12.pfb></usr/share/texlive/texmf-dist/fonts/type1/public/amsfonts/cm/cmtt12.p
fb>
Output written on thesis.pdf (114 pages, 5037877 bytes).
PDF statistics:
 509 PDF objects out of 1000 (max. 8388607)
 273 compressed objects within 3 object streams
 0 named destinations out of 1000 (max. 500000)
 326 words of extra memory for PDF output out of 10000 (max. 10000000)

